[proxy] API提取 1 个代理
============================================================
安居客重庆二手房 — 单IP安全模式
  线程数: 3 (错峰启动: [0, 90, 210])
  延迟倍率: 1.5×
  全局最小请求间隔: 2.0s
  区县分级: 主城80页 | 近郊60页 | 远郊40页
  不进详情页 (fetch_details=False)
  紧急熔断: 连续5次403 → 冷却30分钟
  总区县数: 38
============================================================

==================================================
[W0] 开始爬取 两江新区 (max 80 页)
==================================================
  [W1] 错峰等待 90s ...

--- [两江新区] 第1/80页 ---
  [W2] 错峰等待 210s ...
  状态码: 200  长度: 1292232
  找到 71 个房源卡片
  [两江新区] 本页有效 71 条，累计 71 条

--- [两江新区] 第2/80页 ---
  [T] 等待 6.1s ...
  状态码: 200  长度: 1131314
  找到 71 个房源卡片
  [两江新区] 本页有效 71 条，累计 142 条

--- [两江新区] 第3/80页 ---
  [T] 等待 5.5s ...
  状态码: 200  长度: 1128456
  找到 71 个房源卡片
  [两江新区] 本页有效 71 条，累计 213 条

--- [两江新区] 第4/80页 ---
  [T] 等待 9.1s ...
  状态码: 200  长度: 1125913
  找到 71 个房源卡片
  [两江新区] 本页有效 71 条，累计 284 条

--- [两江新区] 第5/80页 ---
  [T] 等待 7.3s ...
  状态码: 200  长度: 1123673
  找到 71 个房源卡片
  [两江新区] 本页有效 71 条，累计 355 条

--- [两江新区] 第6/80页 ---
  [T] 等待 8.8s ...
  状态码: 200  长度: 999950
  找到 60 个房源卡片
  [两江新区] 本页有效 60 条，累计 415 条

--- [两江新区] 第7/80页 ---
  [T] 等待 9.9s ...
  状态码: 200  长度: 995556
  找到 60 个房源卡片
  [两江新区] 本页有效 60 条，累计 475 条

--- [两江新区] 第8/80页 ---
  [T] 等待 8.5s ...
  状态码: 200  长度: 998042
  找到 60 个房源卡片
  [两江新区] 本页有效 60 条，累计 535 条

--- [两江新区] 第9/80页 ---
  [T] 等待 5.7s ...
  状态码: 200  长度: 995863
  找到 60 个房源卡片
  [两江新区] 本页有效 60 条，累计 595 条

--- [两江新区] 第10/80页 ---
  [T] 等待 10.1s ...
  状态码: 200  长度: 992644
  找到 60 个房源卡片
  [两江新区] 本页有效 60 条，累计 655 条

==================================================
[W1] 开始爬取 渝中区 (max 80 页)
==================================================

--- [渝中区] 第1/80页 ---

--- [两江新区] 第11/80页 ---
  [T] 等待 12.8s ...
  状态码: 200  长度: 1242294
  找到 71 个房源卡片
  [渝中区] 本页有效 71 条，累计 71 条

--- [渝中区] 第2/80页 ---
  [T] 等待 6.6s ...
  状态码: 200  长度: 1116791
  找到 71 个房源卡片
  [渝中区] 本页有效 71 条，累计 142 条

--- [渝中区] 第3/80页 ---
  [T] 等待 7.0s ...
  状态码: 200  长度: 995704
  找到 60 个房源卡片
  [两江新区] 本页有效 60 条，累计 715 条

--- [两江新区] 第12/80页 ---
  [T] 等待 12.2s ...
  状态码: 200  长度: 1109317
  找到 71 个房源卡片
  [渝中区] 本页有效 71 条，累计 213 条

--- [渝中区] 第4/80页 ---
  [T] 等待 5.2s ...
  状态码: 200  长度: 5278
  找到 0 个房源卡片
  [渝中区] 本页有效 0 条，累计 213 条
  [WARN] 页面过短(5278B)，疑似拦截页，不保存断点
  页面无房源，停止翻页
  [OK] [渝中区] 完成：成功 3 页，共 213 条
[W1] 渝中区 保存 213 条 → D:\SWU\SWULearingPart2\SophomoreYearDesignProject\chongqing-house-analysis\crawler\..\data\raw\anjuke_m_渝中区.csv
[W1] 渝中区 完成，冷却 66s ...
  状态码: 200  长度: 5302
  找到 0 个房源卡片
  [两江新区] 本页有效 0 条，累计 715 条
  [WARN] 页面过短(5302B)，疑似拦截页，不保存断点
  页面无房源，停止翻页
  [OK] [两江新区] 完成：成功 11 页，共 715 条
[W0] 两江新区 保存 715 条 → D:\SWU\SWULearingPart2\SophomoreYearDesignProject\chongqing-house-analysis\crawler\..\data\raw\anjuke_m_两江新区.csv
[W0] 两江新区 完成，冷却 54s ...
  [W3] 错峰等待 210s ...>>> [两江新区] 完成 (715条)，累计 715 条

  [W4] 错峰等待 210s ...>>> [渝中区] 完成 (213条)，累计 928 条


==================================================
[W2] 开始爬取 南岸区 (max 80 页)
==================================================

--- [南岸区] 第1/80页 ---
  状态码: 200  长度: 5291
  找到 0 个房源卡片
  已保存调试文件: D:\SWU\SWULearingPart2\SophomoreYearDesignProject\chongqing-house-analysis\crawler\..\data\raw\debug_anjuke_nanana_p1.html
  [南岸区] 本页有效 0 条，累计 0 条
  [WARN] 页面过短(5291B)，疑似拦截页，不保存断点
  页面无房源，停止翻页
  [OK] [南岸区] 完成：成功 0 页，共 0 条
[W2] 南岸区 完成，冷却 73s ...
  [W5] 错峰等待 210s ...
>>> [南岸区] 完成 (0条)，累计 928 条
Exception in thread Thread-1 (_monitor_thread):
Traceback (most recent call last):
  File "C:\Program Files\WindowsApps\PythonSoftwareFoundation.Python.3.11_3.11.2544.0_x64__qbz5n2kfra8p0\Lib\threading.py", line 1045, in _bootstrap_inner
    self.run()
  File "C:\Program Files\WindowsApps\PythonSoftwareFoundation.Python.3.11_3.11.2544.0_x64__qbz5n2kfra8p0\Lib\threading.py", line 982, in run
    self._target(*self._args, **self._kwargs)
  File "D:\SWU\SWULearingPart2\SophomoreYearDesignProject\chongqing-house-analysis\crawler\anjuke_spider.py", line 81, in _monitor_thread
    print(f'\n[MON] \u23f1 运行 {elapsed/60:.0f}min | '
UnicodeEncodeError: 'gbk' codec can't encode character '\u23f1' in position 8: illegal multibyte sequence

==================================================
[W3] 开始爬取 沙坪坝区 (max 80 页)
==================================================

--- [沙坪坝区] 第1/80页 ---
  状态码: 200  长度: 5302
  找到 0 个房源卡片
  已保存调试文件: D:\SWU\SWULearingPart2\SophomoreYearDesignProject\chongqing-house-analysis\crawler\..\data\raw\debug_anjuke_shapingba_p1.html
  [沙坪坝区] 本页有效 0 条，累计 0 条
  [WARN] 页面过短(5302B)，疑似拦截页，不保存断点
  页面无房源，停止翻页
  [OK] [沙坪坝区] 完成：成功 0 页，共 0 条
[W3] 沙坪坝区 完成，冷却 62s ...

==================================================
[W4] 开始爬取 九龙坡区 (max 80 页)
==================================================

--- [九龙坡区] 第1/80页 ---
  状态码: 200  长度: 5231
  找到 0 个房源卡片
  已保存调试文件: D:\SWU\SWULearingPart2\SophomoreYearDesignProject\chongqing-house-analysis\crawler\..\data\raw\debug_anjuke_jiulongpo_p1.html
  [九龙坡区] 本页有效 0 条，累计 0 条
  [WARN] 页面过短(5231B)，疑似拦截页，不保存断点
  页面无房源，停止翻页
  [OK] [九龙坡区] 完成：成功 0 页，共 0 条
[W4] 九龙坡区 完成，冷却 32s ...
  [W6] 错峰等待 210s ...
>>> [九龙坡区] 完成 (0条)，累计 928 条
  [W7] 错峰等待 210s ...>>> [沙坪坝区] 完成 (0条)，累计 928 条


==================================================
[W5] 开始爬取 巴南区 (max 80 页)
==================================================

--- [巴南区] 第1/80页 ---
  状态码: 200  长度: 5266
  找到 0 个房源卡片
  已保存调试文件: D:\SWU\SWULearingPart2\SophomoreYearDesignProject\chongqing-house-analysis\crawler\..\data\raw\debug_anjuke_banan_p1.html
  [巴南区] 本页有效 0 条，累计 0 条
  [WARN] 页面过短(5266B)，疑似拦截页，不保存断点
  页面无房源，停止翻页
  [OK] [巴南区] 完成：成功 0 页，共 0 条
[W5] 巴南区 完成，冷却 43s ...
  [W8] 错峰等待 210s ...
>>> [巴南区] 完成 (0条)，累计 928 条

==================================================
[W6] 开始爬取 北碚区 (max 80 页)
==================================================

--- [北碚区] 第1/80页 ---
  状态码: 200  长度: 5291
  找到 0 个房源卡片
  已保存调试文件: D:\SWU\SWULearingPart2\SophomoreYearDesignProject\chongqing-house-analysis\crawler\..\data\raw\debug_anjuke_beibei_p1.html
  [北碚区] 本页有效 0 条，累计 0 条
  [WARN] 页面过短(5291B)，疑似拦截页，不保存断点
  页面无房源，停止翻页
  [OK] [北碚区] 完成：成功 0 页，共 0 条
[W6] 北碚区 完成，冷却 61s ...

==================================================
[W7] 开始爬取 大渡口区 (max 80 页)
==================================================

--- [大渡口区] 第1/80页 ---
  状态码: 200  长度: 5303
  找到 0 个房源卡片
  已保存调试文件: D:\SWU\SWULearingPart2\SophomoreYearDesignProject\chongqing-house-analysis\crawler\..\data\raw\debug_anjuke_dadukou_p1.html
  [大渡口区] 本页有效 0 条，累计 0 条
  [WARN] 页面过短(5303B)，疑似拦截页，不保存断点
  页面无房源，停止翻页
  [OK] [大渡口区] 完成：成功 0 页，共 0 条
[W7] 大渡口区 完成，冷却 79s ...
  [W9] 错峰等待 210s ...>>> [北碚区] 完成 (0条)，累计 928 条

  [W10] 错峰等待 210s ...
>>> [大渡口区] 完成 (0条)，累计 928 条

==================================================
[W8] 开始爬取 璧山区 (max 60 页)
==================================================

--- [璧山区] 第1/60页 ---
  状态码: 200  长度: 5278
  找到 0 个房源卡片
  已保存调试文件: D:\SWU\SWULearingPart2\SophomoreYearDesignProject\chongqing-house-analysis\crawler\..\data\raw\debug_anjuke_bishanqu_p1.html
  [璧山区] 本页有效 0 条，累计 0 条
  [WARN] 页面过短(5278B)，疑似拦截页，不保存断点
  页面无房源，停止翻页
  [OK] [璧山区] 完成：成功 0 页，共 0 条
[W8] 璧山区 完成，冷却 49s ...
  [W11] 错峰等待 210s ...>>> [璧山区] 完成 (0条)，累计 928 条


==================================================
[W9] 开始爬取 永川区 (max 60 页)
==================================================

--- [永川区] 第1/60页 ---
  状态码: 200  长度: 5267
  找到 0 个房源卡片
  已保存调试文件: D:\SWU\SWULearingPart2\SophomoreYearDesignProject\chongqing-house-analysis\crawler\..\data\raw\debug_anjuke_yongchuanqu_p1.html
  [永川区] 本页有效 0 条，累计 0 条
  [WARN] 页面过短(5267B)，疑似拦截页，不保存断点
  页面无房源，停止翻页
  [OK] [永川区] 完成：成功 0 页，共 0 条
[W9] 永川区 完成，冷却 53s ...

==================================================
[W10] 开始爬取 万州区 (max 60 页)
==================================================

--- [万州区] 第1/60页 ---
  状态码: 200  长度: 5254
  找到 0 个房源卡片
  已保存调试文件: D:\SWU\SWULearingPart2\SophomoreYearDesignProject\chongqing-house-analysis\crawler\..\data\raw\debug_anjuke_wanzhouqu_p1.html
  [万州区] 本页有效 0 条，累计 0 条
  [WARN] 页面过短(5254B)，疑似拦截页，不保存断点
  页面无房源，停止翻页
  [OK] [万州区] 完成：成功 0 页，共 0 条
[W10] 万州区 完成，冷却 49s ...
  [W12] 错峰等待 210s ...
>>> [永川区] 完成 (0条)，累计 928 条
  [W13] 错峰等待 210s ...
>>> [万州区] 完成 (0条)，累计 928 条

==================================================
[W11] 开始爬取 江津区 (max 60 页)
==================================================

--- [江津区] 第1/60页 ---
  状态码: 200  长度: 5303
  找到 0 个房源卡片
  已保存调试文件: D:\SWU\SWULearingPart2\SophomoreYearDesignProject\chongqing-house-analysis\crawler\..\data\raw\debug_anjuke_jiangjinqu_p1.html
  [江津区] 本页有效 0 条，累计 0 条
  [WARN] 页面过短(5303B)，疑似拦截页，不保存断点
  页面无房源，停止翻页
  [OK] [江津区] 完成：成功 0 页，共 0 条
[W11] 江津区 完成，冷却 64s ...
  [W14] 错峰等待 210s ...>>> [江津区] 完成 (0条)，累计 928 条


==================================================
[W12] 开始爬取 合川区 (max 60 页)
==================================================

--- [合川区] 第1/60页 ---
  状态码: 200  长度: 5230
  找到 0 个房源卡片
  已保存调试文件: D:\SWU\SWULearingPart2\SophomoreYearDesignProject\chongqing-house-analysis\crawler\..\data\raw\debug_anjuke_hechuanqu_p1.html
  [合川区] 本页有效 0 条，累计 0 条
  [WARN] 页面过短(5230B)，疑似拦截页，不保存断点
  页面无房源，停止翻页
  [OK] [合川区] 完成：成功 0 页，共 0 条
[W12] 合川区 完成，冷却 62s ...

==================================================
[W13] 开始爬取 铜梁区 (max 60 页)
==================================================

--- [铜梁区] 第1/60页 ---
  状态码: 200  长度: 5291
  找到 0 个房源卡片
  已保存调试文件: D:\SWU\SWULearingPart2\SophomoreYearDesignProject\chongqing-house-analysis\crawler\..\data\raw\debug_anjuke_tongliangqu_p1.html
  [铜梁区] 本页有效 0 条，累计 0 条
  [WARN] 页面过短(5291B)，疑似拦截页，不保存断点
  页面无房源，停止翻页
  [OK] [铜梁区] 完成：成功 0 页，共 0 条
[W13] 铜梁区 完成，冷却 74s ...
  [W15] 错峰等待 210s ...>>> [合川区] 完成 (0条)，累计 928 条

  [W16] 错峰等待 210s ...>>> [铜梁区] 完成 (0条)，累计 928 条


==================================================
[W14] 开始爬取 涪陵区 (max 60 页)
==================================================

--- [涪陵区] 第1/60页 ---
  状态码: 200  长度: 5303
  找到 0 个房源卡片
  已保存调试文件: D:\SWU\SWULearingPart2\SophomoreYearDesignProject\chongqing-house-analysis\crawler\..\data\raw\debug_anjuke_fulingqu_p1.html
  [涪陵区] 本页有效 0 条，累计 0 条
  [WARN] 页面过短(5303B)，疑似拦截页，不保存断点
  页面无房源，停止翻页
  [OK] [涪陵区] 完成：成功 0 页，共 0 条
[W14] 涪陵区 完成，冷却 67s ...
  [W17] 错峰等待 210s ...>>> [涪陵区] 完成 (0条)，累计 928 条


==================================================
[W15] 开始爬取 长寿区 (max 60 页)
==================================================

--- [长寿区] 第1/60页 ---
  状态码: 200  长度: 5291
  找到 0 个房源卡片
  已保存调试文件: D:\SWU\SWULearingPart2\SophomoreYearDesignProject\chongqing-house-analysis\crawler\..\data\raw\debug_anjuke_changshouqu_p1.html
  [长寿区] 本页有效 0 条，累计 0 条
  [WARN] 页面过短(5291B)，疑似拦截页，不保存断点
  页面无房源，停止翻页
  [OK] [长寿区] 完成：成功 0 页，共 0 条
[W15] 长寿区 完成，冷却 52s ...

==================================================
[W16] 开始爬取 荣昌区 (max 60 页)
==================================================

--- [荣昌区] 第1/60页 ---
  状态码: 200  长度: 5231
  找到 0 个房源卡片
  已保存调试文件: D:\SWU\SWULearingPart2\SophomoreYearDesignProject\chongqing-house-analysis\crawler\..\data\raw\debug_anjuke_rongchangqu_p1.html
  [荣昌区] 本页有效 0 条，累计 0 条
  [WARN] 页面过短(5231B)，疑似拦截页，不保存断点
  页面无房源，停止翻页
  [OK] [荣昌区] 完成：成功 0 页，共 0 条
[W16] 荣昌区 完成，冷却 34s ...
  [W18] 错峰等待 210s ...>>> [长寿区] 完成 (0条)，累计 928 条

  [W19] 错峰等待 210s ...
>>> [荣昌区] 完成 (0条)，累计 928 条

==================================================
[W17] 开始爬取 綦江区 (max 60 页)
==================================================

--- [綦江区] 第1/60页 ---
  状态码: 200  长度: 5279
  找到 0 个房源卡片
  已保存调试文件: D:\SWU\SWULearingPart2\SophomoreYearDesignProject\chongqing-house-analysis\crawler\..\data\raw\debug_anjuke_qijiangqu_p1.html
  [綦江区] 本页有效 0 条，累计 0 条
  [WARN] 页面过短(5279B)，疑似拦截页，不保存断点
  页面无房源，停止翻页
  [OK] [綦江区] 完成：成功 0 页，共 0 条
[W17] 綦江区 完成，冷却 61s ...
  [W20] 错峰等待 210s ...>>> [綦江区] 完成 (0条)，累计 928 条


==================================================
[W18] 开始爬取 南川区 (max 40 页)
==================================================

--- [南川区] 第1/40页 ---
  状态码: 200  长度: 5267
  找到 0 个房源卡片
  已保存调试文件: D:\SWU\SWULearingPart2\SophomoreYearDesignProject\chongqing-house-analysis\crawler\..\data\raw\debug_anjuke_nanchuanqu_p1.html
  [南川区] 本页有效 0 条，累计 0 条
  [WARN] 页面过短(5267B)，疑似拦截页，不保存断点
  页面无房源，停止翻页
  [OK] [南川区] 完成：成功 0 页，共 0 条
[W18] 南川区 完成，冷却 55s ...

==================================================
[W19] 开始爬取 大足区 (max 40 页)
==================================================

--- [大足区] 第1/40页 ---
  状态码: 200  长度: 5290
  找到 0 个房源卡片
  已保存调试文件: D:\SWU\SWULearingPart2\SophomoreYearDesignProject\chongqing-house-analysis\crawler\..\data\raw\debug_anjuke_dazhuqu_p1.html
  [大足区] 本页有效 0 条，累计 0 条
  [WARN] 页面过短(5290B)，疑似拦截页，不保存断点
  页面无房源，停止翻页
  [OK] [大足区] 完成：成功 0 页，共 0 条
[W19] 大足区 完成，冷却 67s ...
  [W21] 错峰等待 210s ...>>> [南川区] 完成 (0条)，累计 928 条

  [W22] 错峰等待 210s ...>>> [大足区] 完成 (0条)，累计 928 条


==================================================
[W20] 开始爬取 潼南区 (max 40 页)
==================================================

--- [潼南区] 第1/40页 ---
  状态码: 200  长度: 5278
  找到 0 个房源卡片
  已保存调试文件: D:\SWU\SWULearingPart2\SophomoreYearDesignProject\chongqing-house-analysis\crawler\..\data\raw\debug_anjuke_tongnanqu_p1.html
  [潼南区] 本页有效 0 条，累计 0 条
  [WARN] 页面过短(5278B)，疑似拦截页，不保存断点
  页面无房源，停止翻页
  [OK] [潼南区] 完成：成功 0 页，共 0 条
[W20] 潼南区 完成，冷却 84s ...
  [W23] 错峰等待 210s ...>>> [潼南区] 完成 (0条)，累计 928 条


==================================================
[W21] 开始爬取 开州区 (max 40 页)
==================================================

--- [开州区] 第1/40页 ---
  状态码: 200  长度: 5254
  找到 0 个房源卡片
  已保存调试文件: D:\SWU\SWULearingPart2\SophomoreYearDesignProject\chongqing-house-analysis\crawler\..\data\raw\debug_anjuke_kaizhoukuaixian_p1.html
  [开州区] 本页有效 0 条，累计 0 条
  [WARN] 页面过短(5254B)，疑似拦截页，不保存断点
  页面无房源，停止翻页
  [OK] [开州区] 完成：成功 0 页，共 0 条
[W21] 开州区 完成，冷却 80s ...

==================================================
[W22] 开始爬取 垫江县 (max 40 页)
==================================================

--- [垫江县] 第1/40页 ---
  状态码: 200  长度: 5291
  找到 0 个房源卡片
  已保存调试文件: D:\SWU\SWULearingPart2\SophomoreYearDesignProject\chongqing-house-analysis\crawler\..\data\raw\debug_anjuke_dainjiangxian_p1.html
  [垫江县] 本页有效 0 条，累计 0 条
  [WARN] 页面过短(5291B)，疑似拦截页，不保存断点
  页面无房源，停止翻页
  [OK] [垫江县] 完成：成功 0 页，共 0 条
[W22] 垫江县 完成，冷却 61s ...
  [W24] 错峰等待 210s ...>>> [开州区] 完成 (0条)，累计 928 条

  [W25] 错峰等待 210s ...>>> [垫江县] 完成 (0条)，累计 928 条


==================================================
[W23] 开始爬取 梁平区 (max 40 页)
==================================================

--- [梁平区] 第1/40页 ---
  状态码: 200  长度: 5231
  找到 0 个房源卡片
  已保存调试文件: D:\SWU\SWULearingPart2\SophomoreYearDesignProject\chongqing-house-analysis\crawler\..\data\raw\debug_anjuke_liangpingxian_p1.html
  [梁平区] 本页有效 0 条，累计 0 条
  [WARN] 页面过短(5231B)，疑似拦截页，不保存断点
  页面无房源，停止翻页
  [OK] [梁平区] 完成：成功 0 页，共 0 条
[W23] 梁平区 完成，冷却 56s ...
  [W26] 错峰等待 210s ...>>> [梁平区] 完成 (0条)，累计 928 条

