[proxy] API提取 1 个代理
============================================================
安居客重庆二手房 — 单IP安全模式 v2
  线程数: 2 | 错峰: [0, 180]
  延迟倍率: 1.5× | 最小请求间隔: 2.0s
  区县分级: 主城50页 | 近郊35页 | 远郊20页
  Cookie翻页上限: 200页（超限后建议换Cookie续爬）
  安全验证: 自动检测 → 保存断点 → 停止当前区县
  总区县数: 38
============================================================

==================================================
[W0] 开始爬取 两江新区 (max 50 页)
==================================================
  [W1] 错峰等待 180s ...
  [CP] 检测到断点: 已完成 31 页，从第 32 页继续

--- [两江新区] 第1页 (已爬，跳过) ---

--- [两江新区] 第2页 (已爬，跳过) ---

--- [两江新区] 第3页 (已爬，跳过) ---

--- [两江新区] 第4页 (已爬，跳过) ---

--- [两江新区] 第5页 (已爬，跳过) ---

--- [两江新区] 第6页 (已爬，跳过) ---

--- [两江新区] 第7页 (已爬，跳过) ---

--- [两江新区] 第8页 (已爬，跳过) ---

--- [两江新区] 第9页 (已爬，跳过) ---

--- [两江新区] 第10页 (已爬，跳过) ---

--- [两江新区] 第11页 (已爬，跳过) ---

--- [两江新区] 第12页 (已爬，跳过) ---

--- [两江新区] 第13页 (已爬，跳过) ---

--- [两江新区] 第14页 (已爬，跳过) ---

--- [两江新区] 第15页 (已爬，跳过) ---

--- [两江新区] 第16页 (已爬，跳过) ---

--- [两江新区] 第17页 (已爬，跳过) ---

--- [两江新区] 第18页 (已爬，跳过) ---

--- [两江新区] 第19页 (已爬，跳过) ---

--- [两江新区] 第20页 (已爬，跳过) ---

--- [两江新区] 第21页 (已爬，跳过) ---

--- [两江新区] 第22页 (已爬，跳过) ---

--- [两江新区] 第23页 (已爬，跳过) ---

--- [两江新区] 第24页 (已爬，跳过) ---

--- [两江新区] 第25页 (已爬，跳过) ---

--- [两江新区] 第26页 (已爬，跳过) ---

--- [两江新区] 第27页 (已爬，跳过) ---

--- [两江新区] 第28页 (已爬，跳过) ---

--- [两江新区] 第29页 (已爬，跳过) ---

--- [两江新区] 第30页 (已爬，跳过) ---

--- [两江新区] 第31页 (已爬，跳过) ---

--- [两江新区] 第32/50页 ---
  [T] 等待 11.8s ...
  状态码: 200  长度: 793834
  找到 60 个房源卡片
  [两江新区] 本页有效 60 条，累计 60 条

--- [两江新区] 第33/50页 ---
  [T] 等待 27.9s ...
  状态码: 200  长度: 793351
  找到 60 个房源卡片
  [两江新区] 本页有效 60 条，累计 120 条

--- [两江新区] 第34/50页 ---
  [T] 等待 17.3s ...
  状态码: 200  长度: 794789
  找到 60 个房源卡片
  [两江新区] 本页有效 60 条，累计 180 条

--- [两江新区] 第35/50页 ---
  [T] 等待 22.3s ...
  状态码: 200  长度: 793831
  找到 60 个房源卡片
  [两江新区] 本页有效 60 条，累计 240 条

--- [两江新区] 第36/50页 ---
  [T] 等待 21.6s ...
  状态码: 200  长度: 791709
  找到 60 个房源卡片
  [两江新区] 本页有效 60 条，累计 300 条

--- [两江新区] 第37/50页 ---
  [T] 等待 14.4s ...
  状态码: 200  长度: 792193
  找到 60 个房源卡片
  [两江新区] 本页有效 60 条，累计 360 条

--- [两江新区] 第38/50页 ---
  [T] 等待 23.5s ...
  状态码: 200  长度: 989164
  找到 60 个房源卡片
  [两江新区] 本页有效 60 条，累计 420 条

--- [两江新区] 第39/50页 ---
  [T] 等待 15.5s ...
  状态码: 200  长度: 790706
  找到 60 个房源卡片
  [两江新区] 本页有效 60 条，累计 480 条

--- [两江新区] 第40/50页 ---
  [T] 等待 17.8s ...

==================================================
[W1] 开始爬取 渝中区 (max 50 页)
==================================================
  [CP] 检测到断点: 已完成 21 页，从第 22 页继续

--- [渝中区] 第1页 (已爬，跳过) ---

--- [渝中区] 第2页 (已爬，跳过) ---

--- [渝中区] 第3页 (已爬，跳过) ---

--- [渝中区] 第4页 (已爬，跳过) ---

--- [渝中区] 第5页 (已爬，跳过) ---

--- [渝中区] 第6页 (已爬，跳过) ---

--- [渝中区] 第7页 (已爬，跳过) ---

--- [渝中区] 第8页 (已爬，跳过) ---

--- [渝中区] 第9页 (已爬，跳过) ---

--- [渝中区] 第10页 (已爬，跳过) ---

--- [渝中区] 第11页 (已爬，跳过) ---

--- [渝中区] 第12页 (已爬，跳过) ---

--- [渝中区] 第13页 (已爬，跳过) ---

--- [渝中区] 第14页 (已爬，跳过) ---

--- [渝中区] 第15页 (已爬，跳过) ---

--- [渝中区] 第16页 (已爬，跳过) ---

--- [渝中区] 第17页 (已爬，跳过) ---

--- [渝中区] 第18页 (已爬，跳过) ---

--- [渝中区] 第19页 (已爬，跳过) ---

--- [渝中区] 第20页 (已爬，跳过) ---

--- [渝中区] 第21页 (已爬，跳过) ---

--- [渝中区] 第22/50页 ---
  [T] 等待 10.9s ...
  状态码: 200  长度: 795077
  找到 60 个房源卡片
  [两江新区] 本页有效 60 条，累计 540 条
  状态码: 200  长度: 972384
  找到 60 个房源卡片
  [渝中区] 本页有效 60 条，累计 60 条

--- [渝中区] 第23/50页 ---
  [T] 等待 11.3s ...

--- [两江新区] 第41/50页 ---
  [T] 等待 16.5s ...
  状态码: 200  长度: 973258
  找到 60 个房源卡片
  [渝中区] 本页有效 60 条，累计 120 条

--- [渝中区] 第24/50页 ---
  [T] 等待 10.4s ...
  状态码: 200  长度: 790819
  找到 60 个房源卡片
  [两江新区] 本页有效 60 条，累计 600 条

--- [两江新区] 第42/50页 ---
  [T] 等待 25.8s ...
  状态码: 200  长度: 973002
  找到 60 个房源卡片
  [渝中区] 本页有效 60 条，累计 180 条

--- [渝中区] 第25/50页 ---
  [T] 等待 14.0s ...
  状态码: 200  长度: 5265
[W1] 渝中区 异常: UnicodeEncodeError: 'gbk' codec can't encode character '\u26a1' in position 8: illegal multibyte sequence
  [W2] 错峰等待 180s ...
>>> [渝中区] 完成 (0条)，累计 0 条
  状态码: 200  长度: 5256
[W0] 两江新区 异常: UnicodeEncodeError: 'gbk' codec can't encode character '\u26a1' in position 8: illegal multibyte sequence
  [W3] 错峰等待 180s ...>>> [两江新区] 完成 (0条)，累计 0 条

Exception in thread Thread-1 (_monitor_thread):
Traceback (most recent call last):
  File "C:\Program Files\WindowsApps\PythonSoftwareFoundation.Python.3.11_3.11.2544.0_x64__qbz5n2kfra8p0\Lib\threading.py", line 1045, in _bootstrap_inner
    self.run()
  File "C:\Program Files\WindowsApps\PythonSoftwareFoundation.Python.3.11_3.11.2544.0_x64__qbz5n2kfra8p0\Lib\threading.py", line 982, in run
    self._target(*self._args, **self._kwargs)
  File "D:\SWU\SWULearingPart2\SophomoreYearDesignProject\chongqing-house-analysis\crawler\anjuke_spider.py", line 83, in _monitor_thread
    print(f'\n[MON] \u23f1 运行 {elapsed/60:.0f}min | '
UnicodeEncodeError: 'gbk' codec can't encode character '\u23f1' in position 8: illegal multibyte sequence

==================================================
[W2] 开始爬取 南岸区 (max 50 页)
==================================================
  [CP] 检测到断点: 已完成 11 页，从第 12 页继续

--- [南岸区] 第1页 (已爬，跳过) ---

--- [南岸区] 第2页 (已爬，跳过) ---

--- [南岸区] 第3页 (已爬，跳过) ---

--- [南岸区] 第4页 (已爬，跳过) ---

--- [南岸区] 第5页 (已爬，跳过) ---

--- [南岸区] 第6页 (已爬，跳过) ---

--- [南岸区] 第7页 (已爬，跳过) ---

--- [南岸区] 第8页 (已爬，跳过) ---

--- [南岸区] 第9页 (已爬，跳过) ---

--- [南岸区] 第10页 (已爬，跳过) ---

--- [南岸区] 第11页 (已爬，跳过) ---

--- [南岸区] 第12/50页 ---
  [T] 等待 11.2s ...

==================================================
[W3] 开始爬取 沙坪坝区 (max 50 页)
==================================================

--- [沙坪坝区] 第1/50页 ---
  状态码: 200  长度: 5304
[W3] 沙坪坝区 异常: UnicodeEncodeError: 'gbk' codec can't encode character '\u26a1' in position 8: illegal multibyte sequence
  [W4] 错峰等待 180s ...>>> [沙坪坝区] 完成 (0条)，累计 0 条

  状态码: 200  长度: 5278
[W2] 南岸区 异常: UnicodeEncodeError: 'gbk' codec can't encode character '\u26a1' in position 8: illegal multibyte sequence
  [W5] 错峰等待 180s ...>>> [南岸区] 完成 (0条)，累计 0 条

